<?xml version="1.0" encoding="UTF-8"?>
<!-- Generated by org.testng.reporters.JUnitReportReporter -->
<testsuite hostname="DESKTOP-G9RS278" failures="0" tests="1" name="day9.task4" time="8.419" errors="0" timestamp="2023-05-02T15:14:59 IST" skipped="0">
  <testcase classname="day9.task4" name="openURL" time="8.419"/>
  <system-out/>
</testsuite> <!-- day9.task4 -->
